

Microchip Technology PIC18 LITE Macro Assembler V1.35 build -356382666 
                                                                                               Wed Jan 26 12:38:31 2022

Microchip Technology Omniscient Code Generator v1.35 (Free mode) build 201507080246
     1                           	processor	18F4550
     2                           	fnconf	rparam,??,?,0
     3                           	opt	pw 120
     4                           	opt	lm
     5                           	psect	cinit,global,reloc=2,class=CODE,delta=1
     6                           	psect	bssCOMRAM,global,class=COMRAM,space=1,delta=1
     7                           	psect	cstackCOMRAM,global,class=COMRAM,space=1,delta=1
     8                           	psect	text0,global,reloc=2,class=CODE,delta=1
     9                           	psect	text1,global,reloc=2,class=CODE,delta=1
    10                           	psect	intsave_regs,global,class=BIGRAM,space=1,delta=1
    11                           	psect	rparam,global,class=COMRAM,space=1,delta=1
    12  0000                     _PORTD	set	3971
    13  0000                     _PORTDbits	set	3971
    14  0000                     _TRISD	set	3989
    15                           
    16                           ; #config settings
    17                           
    18                           	psect	cinit
    19  007F82                     __pcinit:
    20                           	opt stack 0
    21  007F82                     start_initialization:
    22                           	opt stack 0
    23  007F82                     __initialization:
    24                           	opt stack 0
    25                           
    26                           ; Clear objects allocated to COMRAM (1 bytes)
    27  007F82  6A06               	clrf	__pbssCOMRAM& (0+255),c
    28  007F84                     end_of_initialization:
    29                           	opt stack 0
    30  007F84                     __end_of__initialization:
    31                           	opt stack 0
    32  007F84  0100               	movlb	0
    33  007F86  EFDF  F03F         	goto	_main	;jump to C main() function
    34                           
    35                           	psect	bssCOMRAM
    36  000006                     __pbssCOMRAM:
    37                           	opt stack 0
    38  000006                     _j:
    39                           	opt stack 0
    40  000006                     	ds	1
    41                           
    42                           	psect	cstackCOMRAM
    43  000001                     __pcstackCOMRAM:
    44                           	opt stack 0
    45  000001                     delay_ms@i:
    46                           	opt stack 0
    47                           
    48                           ; 2 bytes @ 0x0
    49  000001                     	ds	2
    50  000003                     ??_delay_ms:
    51                           
    52                           ; 0 bytes @ 0x2
    53  000003                     	ds	1
    54  000004                     delay_ms@j:
    55                           	opt stack 0
    56                           
    57                           ; 2 bytes @ 0x3
    58  000004                     	ds	2
    59  000006                     
    60                           ; 0 bytes @ 0x5
    61 ;;
    62 ;;Main: autosize = 0, tempsize = 0, incstack = 0, save=0
    63 ;;
    64 ;; *************** function _main *****************
    65 ;; Defined at:
    66 ;;		line 6 in file "newmain.c"
    67 ;; Parameters:    Size  Location     Type
    68 ;;		None
    69 ;; Auto vars:     Size  Location     Type
    70 ;;		None
    71 ;; Return value:  Size  Location     Type
    72 ;;		None               void
    73 ;; Registers used:
    74 ;;		wreg, status,2, status,0, cstack
    75 ;; Tracked objects:
    76 ;;		On entry : 0/0
    77 ;;		On exit  : 0/0
    78 ;;		Unchanged: 0/0
    79 ;; Data sizes:     COMRAM   BANK0   BANK1   BANK2   BANK3   BANK4   BANK5   BANK6   BANK7
    80 ;;      Params:         0       0       0       0       0       0       0       0       0
    81 ;;      Locals:         0       0       0       0       0       0       0       0       0
    82 ;;      Temps:          0       0       0       0       0       0       0       0       0
    83 ;;      Totals:         0       0       0       0       0       0       0       0       0
    84 ;;Total ram usage:        0 bytes
    85 ;; Hardware stack levels required when called:    1
    86 ;; This function calls:
    87 ;;		_delay_ms
    88 ;; This function is called by:
    89 ;;		Startup code after reset
    90 ;; This function uses a non-reentrant model
    91 ;;
    92                           
    93                           	psect	text0
    94  007FBE                     __ptext0:
    95                           	opt stack 0
    96  007FBE                     _main:
    97                           	opt stack 30
    98                           
    99                           ;newmain.c: 22: TRISD = 0b00000000;
   100                           
   101                           ;incstack = 0
   102  007FBE  0E00               	movlw	0
   103  007FC0  6E95               	movwf	3989,c	;volatile
   104  007FC2                     l13:
   105                           
   106                           ;newmain.c: 24: {
   107                           ;newmain.c: 26: PORTD= 0b00101011;
   108  007FC2  0E2B               	movlw	43
   109  007FC4  6E83               	movwf	3971,c	;volatile
   110                           
   111                           ;newmain.c: 27: delay_ms(1000);
   112  007FC6  0E03               	movlw	3
   113  007FC8  6E02               	movwf	delay_ms@i+1,c
   114  007FCA  0EE8               	movlw	232
   115  007FCC  6E01               	movwf	delay_ms@i,c
   116  007FCE  ECC5  F03F         	call	_delay_ms	;wreg free
   117                           
   118                           ;newmain.c: 28: PORTDbits.RD5 = 0; PORTDbits.RD4 = 1;
   119  007FD2  9A83               	bcf	3971,5,c	;volatile
   120  007FD4  8883               	bsf	3971,4,c	;volatile
   121                           
   122                           ;newmain.c: 29: delay_ms(1000);
   123  007FD6  0E03               	movlw	3
   124  007FD8  6E02               	movwf	delay_ms@i+1,c
   125  007FDA  0EE8               	movlw	232
   126  007FDC  6E01               	movwf	delay_ms@i,c
   127  007FDE  ECC5  F03F         	call	_delay_ms	;wreg free
   128                           
   129                           ;newmain.c: 30: PORTDbits.RD0 = 0;
   130  007FE2  9083               	bcf	3971,0,c	;volatile
   131                           
   132                           ;newmain.c: 31: delay_ms(1000);
   133  007FE4  0E03               	movlw	3
   134  007FE6  6E02               	movwf	delay_ms@i+1,c
   135  007FE8  0EE8               	movlw	232
   136  007FEA  6E01               	movwf	delay_ms@i,c
   137  007FEC  ECC5  F03F         	call	_delay_ms	;wreg free
   138                           
   139                           ;newmain.c: 32: PORTDbits.RD3 = 0;
   140  007FF0  9683               	bcf	3971,3,c	;volatile
   141                           
   142                           ;newmain.c: 33: delay_ms(1000);
   143  007FF2  0E03               	movlw	3
   144  007FF4  6E02               	movwf	delay_ms@i+1,c
   145  007FF6  0EE8               	movlw	232
   146  007FF8  6E01               	movwf	delay_ms@i,c
   147  007FFA  ECC5  F03F         	call	_delay_ms	;wreg free
   148  007FFE  D7E1               	goto	l13
   149  008000                     __end_of_main:
   150                           	opt stack 0
   151                           
   152 ;; *************** function _delay_ms *****************
   153 ;; Defined at:
   154 ;;		line 10 in file "delays_utilities.c"
   155 ;; Parameters:    Size  Location     Type
   156 ;;  i               2    0[COMRAM] unsigned int 
   157 ;; Auto vars:     Size  Location     Type
   158 ;;  j               2    3[COMRAM] unsigned int 
   159 ;; Return value:  Size  Location     Type
   160 ;;		None               void
   161 ;; Registers used:
   162 ;;		wreg, status,2, status,0
   163 ;; Tracked objects:
   164 ;;		On entry : 0/0
   165 ;;		On exit  : 0/0
   166 ;;		Unchanged: 0/0
   167 ;; Data sizes:     COMRAM   BANK0   BANK1   BANK2   BANK3   BANK4   BANK5   BANK6   BANK7
   168 ;;      Params:         2       0       0       0       0       0       0       0       0
   169 ;;      Locals:         2       0       0       0       0       0       0       0       0
   170 ;;      Temps:          1       0       0       0       0       0       0       0       0
   171 ;;      Totals:         5       0       0       0       0       0       0       0       0
   172 ;;Total ram usage:        5 bytes
   173 ;; Hardware stack levels used:    1
   174 ;; This function calls:
   175 ;;		Nothing
   176 ;; This function is called by:
   177 ;;		_main
   178 ;; This function uses a non-reentrant model
   179 ;;
   180                           
   181                           	psect	text1
   182  007F8A                     __ptext1:
   183                           	opt stack 0
   184  007F8A                     _delay_ms:
   185                           	opt stack 30
   186                           
   187                           ;delays_utilities.c: 12: if(i!=0)
   188                           
   189                           ;incstack = 0
   190  007F8A  5001               	movf	delay_ms@i,w,c
   191  007F8C  1002               	iorwf	delay_ms@i+1,w,c
   192  007F8E  B4D8               	btfsc	status,2,c
   193  007F90  0012               	return	
   194                           
   195                           ;delays_utilities.c: 13: for(j=0;j<i;j++)_delay((unsigned long)((1)*(48000000/4000.0)));
   196  007F92  0E00               	movlw	0
   197  007F94  6E05               	movwf	delay_ms@j+1,c
   198  007F96  0E00               	movlw	0
   199  007F98  6E04               	movwf	delay_ms@j,c
   200  007F9A  D00A               	goto	l22
   201  007F9C                     l689:
   202  007F9C  0E10               	movlw	16
   203  007F9E  6E03               	movwf	??_delay_ms& (0+255),c
   204  007FA0  0E94               	movlw	148
   205  007FA2                     u97:
   206  007FA2  2EE8               	decfsz	wreg,f,c
   207  007FA4  D7FE               	goto	u97
   208  007FA6  2E03               	decfsz	??_delay_ms& (0+255),f,c
   209  007FA8  D7FC               	goto	u97
   210  007FAA  D000               	nop2	
   211  007FAC  4A04               	infsnz	delay_ms@j,f,c
   212  007FAE  2A05               	incf	delay_ms@j+1,f,c
   213  007FB0                     l22:
   214  007FB0  5001               	movf	delay_ms@i,w,c
   215  007FB2  5C04               	subwf	delay_ms@j,w,c
   216  007FB4  5002               	movf	delay_ms@i+1,w,c
   217  007FB6  5805               	subwfb	delay_ms@j+1,w,c
   218  007FB8  B0D8               	btfsc	status,0,c
   219  007FBA  0012               	return	
   220  007FBC  D7EF               	goto	l689
   221  007FBE                     __end_of_delay_ms:
   222                           	opt stack 0
   223  0000                     wreg	equ	0xFE8
   224                           status	equ	0xFD8
   225                           wreg	equ	0xFE8
   226                           status	equ	0xFD8
   227                           
   228                           	psect	rparam
   229  0000                     wreg	equ	0xFE8
   230                           status	equ	0xFD8


Data Sizes:
    Strings     0
    Constant    0
    Data        0
    BSS         1
    Persistent  0
    Stack       0

Auto Spaces:
    Space          Size  Autos    Used
    COMRAM           95      5       6
    BANK0           160      0       0
    BANK1           256      0       0
    BANK2           256      0       0
    BANK3           256      0       0
    BANK4           256      0       0
    BANK5           256      0       0
    BANK6           256      0       0
    BANK7           256      0       0

Pointer List with Targets:

    None.

Critical Paths under _main in COMRAM

    _main->_delay_ms

Critical Paths under _main in BANK0

    None.

Critical Paths under _main in BANK1

    None.

Critical Paths under _main in BANK2

    None.

Critical Paths under _main in BANK3

    None.

Critical Paths under _main in BANK4

    None.

Critical Paths under _main in BANK5

    None.

Critical Paths under _main in BANK6

    None.

Critical Paths under _main in BANK7

    None.

Call Graph Tables:

 ---------------------------------------------------------------------------------
 (Depth) Function   	        Calls       Base Space   Used Autos Params    Refs
 ---------------------------------------------------------------------------------
 (0) _main                                                 0     0      0     240
                           _delay_ms
 ---------------------------------------------------------------------------------
 (1) _delay_ms                                             5     3      2     240
                                              0 COMRAM     5     3      2
 ---------------------------------------------------------------------------------
 Estimated maximum stack depth 1
 ---------------------------------------------------------------------------------

 Call Graph Graphs:

 _main (ROOT)
   _delay_ms

 Address spaces:
Name               Size   Autos  Total    Cost      Usage
BIGRAM             7FF      0       0      21        0.0%
EEDATA             100      0       0       0        0.0%
BITBANK7           100      0       0      18        0.0%
BANK7              100      0       0      19        0.0%
BITBANK6           100      0       0      16        0.0%
BANK6              100      0       0      17        0.0%
BITBANK5           100      0       0      14        0.0%
BANK5              100      0       0      15        0.0%
BITBANK4           100      0       0      12        0.0%
BANK4              100      0       0      13        0.0%
BITBANK3           100      0       0      10        0.0%
BANK3              100      0       0      11        0.0%
BITBANK2           100      0       0       8        0.0%
BANK2              100      0       0       9        0.0%
BITBANK1           100      0       0       6        0.0%
BANK1              100      0       0       7        0.0%
BITBANK0            A0      0       0       4        0.0%
BANK0               A0      0       0       5        0.0%
BITCOMRAM           5F      0       0       0        0.0%
COMRAM              5F      5       6       1        6.3%
BITSFR               0      0       0      40        0.0%
SFR                  0      0       0      40        0.0%
STACK                0      0       0       2        0.0%
NULL                 0      0       0       0        0.0%
ABS                  0      0       6      20        0.0%
DATA                 0      0       6       3        0.0%
CODE                 0      0       0       0        0.0%


Microchip Technology PIC18 Macro Assembler V1.35 build -356382666 
Symbol Table                                                                                   Wed Jan 26 12:38:31 2022

                      _j 0006                       l13 7FC2                       l22 7FB0  
                     u97 7FA2                      l689 7F9C                      wreg 000FE8  
                   _main 7FBE                     start 1000             ___param_bank 000010  
                  ?_main 0001                    _PORTD 000F83                    _TRISD 000F95  
                  status 000FD8          __initialization 7F82             __end_of_main 8000  
                 ??_main 0006            __activetblptr 000000         __end_of_delay_ms 7FBE  
             __accesstop 0060  __end_of__initialization 7F84            ___rparam_used 000001  
         __pcstackCOMRAM 0001                ?_delay_ms 0001                  __Hparam 0000  
                __Lparam 0000                  __pcinit 7F82                  __ramtop 0800  
                __ptext0 7FBE                  __ptext1 7F8A               ??_delay_ms 0003  
   end_of_initialization 7F84                _PORTDbits 000F83      start_initialization 7F82  
            __pbssCOMRAM 0006        __size_of_delay_ms 0034                delay_ms@i 0001  
              delay_ms@j 0004                 __Hrparam 0000                 __Lrparam 0000  
               _delay_ms 7F8A            __size_of_main 0042  
